{"/Users/SCHILM2/Repos/ProjectManager/src/db/database.ts": {"path":"/Users/SCHILM2/Repos/ProjectManager/src/db/database.ts","statementMap":{"0":{"start":{"line":6,"column":15},"end":{"line":6,"column":null}},"1":{"start":{"line":7,"column":29},"end":{"line":7,"column":null}},"2":{"start":{"line":9,"column":26},"end":{"line":9,"column":null}},"3":{"start":{"line":10,"column":42},"end":{"line":10,"column":null}},"4":{"start":{"line":13,"column":61},"end":{"line":13,"column":null}},"5":{"start":{"line":16,"column":2},"end":{"line":16,"column":null}},"6":{"start":{"line":20,"column":2},"end":{"line":22,"column":null}},"7":{"start":{"line":21,"column":4},"end":{"line":21,"column":null}},"8":{"start":{"line":23,"column":2},"end":{"line":23,"column":null}},"9":{"start":{"line":27,"column":14},"end":{"line":29,"column":null}},"10":{"start":{"line":28,"column":22},"end":{"line":28,"column":null}},"11":{"start":{"line":31,"column":16},"end":{"line":31,"column":null}},"12":{"start":{"line":32,"column":2},"end":{"line":42,"column":null}},"13":{"start":{"line":33,"column":4},"end":{"line":39,"column":null}},"14":{"start":{"line":34,"column":18},"end":{"line":34,"column":null}},"15":{"start":{"line":34,"column":54},"end":{"line":34,"column":69}},"16":{"start":{"line":35,"column":6},"end":{"line":35,"column":null}},"17":{"start":{"line":37,"column":6},"end":{"line":37,"column":null}},"18":{"start":{"line":38,"column":6},"end":{"line":38,"column":null}},"19":{"start":{"line":41,"column":4},"end":{"line":41,"column":null}},"20":{"start":{"line":44,"column":2},"end":{"line":101,"column":null}},"21":{"start":{"line":104,"column":2},"end":{"line":109,"column":null}},"22":{"start":{"line":105,"column":4},"end":{"line":105,"column":null}},"23":{"start":{"line":107,"column":16},"end":{"line":107,"column":null}},"24":{"start":{"line":108,"column":4},"end":{"line":108,"column":null}},"25":{"start":{"line":108,"column":43},"end":{"line":108,"column":null}},"26":{"start":{"line":111,"column":2},"end":{"line":111,"column":null}},"27":{"start":{"line":112,"column":2},"end":{"line":112,"column":null}},"28":{"start":{"line":116,"column":2},"end":{"line":116,"column":null}},"29":{"start":{"line":116,"column":11},"end":{"line":116,"column":null}},"30":{"start":{"line":117,"column":2},"end":{"line":133,"column":null}},"31":{"start":{"line":118,"column":17},"end":{"line":118,"column":null}},"32":{"start":{"line":119,"column":17},"end":{"line":119,"column":null}},"33":{"start":{"line":120,"column":4},"end":{"line":122,"column":null}},"34":{"start":{"line":120,"column":17},"end":{"line":120,"column":20}},"35":{"start":{"line":121,"column":6},"end":{"line":121,"column":null}},"36":{"start":{"line":123,"column":4},"end":{"line":123,"column":null}},"37":{"start":{"line":125,"column":20},"end":{"line":125,"column":null}},"38":{"start":{"line":126,"column":17},"end":{"line":128,"column":null}},"39":{"start":{"line":129,"column":4},"end":{"line":129,"column":null}},"40":{"start":{"line":130,"column":4},"end":{"line":132,"column":null}},"41":{"start":{"line":131,"column":6},"end":{"line":131,"column":null}},"42":{"start":{"line":139,"column":23},"end":{"line":139,"column":null}},"43":{"start":{"line":140,"column":18},"end":{"line":145,"column":null}},"44":{"start":{"line":146,"column":2},"end":{"line":146,"column":null}},"45":{"start":{"line":146,"column":23},"end":{"line":146,"column":null}},"46":{"start":{"line":147,"column":2},"end":{"line":154,"column":null}},"47":{"start":{"line":147,"column":41},"end":{"line":154,"column":4}},"48":{"start":{"line":158,"column":8},"end":{"line":158,"column":null}},"49":{"start":{"line":159,"column":20},"end":{"line":159,"column":null}},"50":{"start":{"line":160,"column":2},"end":{"line":163,"column":null}},"51":{"start":{"line":164,"column":2},"end":{"line":164,"column":null}},"52":{"start":{"line":165,"column":2},"end":{"line":165,"column":null}},"53":{"start":{"line":169,"column":17},"end":{"line":169,"column":null}},"54":{"start":{"line":170,"column":2},"end":{"line":178,"column":null}},"55":{"start":{"line":179,"column":2},"end":{"line":179,"column":null}},"56":{"start":{"line":183,"column":17},"end":{"line":183,"column":null}},"57":{"start":{"line":184,"column":2},"end":{"line":184,"column":null}},"58":{"start":{"line":185,"column":2},"end":{"line":185,"column":null}},"59":{"start":{"line":189,"column":2},"end":{"line":189,"column":null}},"60":{"start":{"line":190,"column":2},"end":{"line":190,"column":null}},"61":{"start":{"line":194,"column":2},"end":{"line":194,"column":null}},"62":{"start":{"line":195,"column":2},"end":{"line":195,"column":null}},"63":{"start":{"line":196,"column":2},"end":{"line":196,"column":null}},"64":{"start":{"line":197,"column":2},"end":{"line":197,"column":null}},"65":{"start":{"line":201,"column":2},"end":{"line":201,"column":null}},"66":{"start":{"line":202,"column":2},"end":{"line":204,"column":null}},"67":{"start":{"line":203,"column":4},"end":{"line":203,"column":null}},"68":{"start":{"line":205,"column":2},"end":{"line":205,"column":null}},"69":{"start":{"line":209,"column":2},"end":{"line":209,"column":null}},"70":{"start":{"line":210,"column":2},"end":{"line":212,"column":null}},"71":{"start":{"line":211,"column":4},"end":{"line":211,"column":null}},"72":{"start":{"line":213,"column":2},"end":{"line":213,"column":null}},"73":{"start":{"line":217,"column":18},"end":{"line":217,"column":null}},"74":{"start":{"line":218,"column":2},"end":{"line":218,"column":null}},"75":{"start":{"line":218,"column":23},"end":{"line":218,"column":null}},"76":{"start":{"line":219,"column":2},"end":{"line":219,"column":null}},"77":{"start":{"line":219,"column":38},"end":{"line":219,"column":52}},"78":{"start":{"line":223,"column":18},"end":{"line":223,"column":null}},"79":{"start":{"line":224,"column":2},"end":{"line":224,"column":null}},"80":{"start":{"line":224,"column":23},"end":{"line":224,"column":null}},"81":{"start":{"line":225,"column":2},"end":{"line":225,"column":null}},"82":{"start":{"line":225,"column":38},"end":{"line":225,"column":52}},"83":{"start":{"line":231,"column":18},"end":{"line":231,"column":null}},"84":{"start":{"line":232,"column":2},"end":{"line":232,"column":null}},"85":{"start":{"line":232,"column":23},"end":{"line":232,"column":null}},"86":{"start":{"line":233,"column":2},"end":{"line":237,"column":null}},"87":{"start":{"line":233,"column":41},"end":{"line":237,"column":4}},"88":{"start":{"line":241,"column":8},"end":{"line":241,"column":null}},"89":{"start":{"line":242,"column":20},"end":{"line":242,"column":null}},"90":{"start":{"line":243,"column":2},"end":{"line":243,"column":null}},"91":{"start":{"line":244,"column":2},"end":{"line":244,"column":null}},"92":{"start":{"line":245,"column":2},"end":{"line":245,"column":null}},"93":{"start":{"line":249,"column":2},"end":{"line":249,"column":null}},"94":{"start":{"line":250,"column":2},"end":{"line":250,"column":null}},"95":{"start":{"line":254,"column":2},"end":{"line":254,"column":null}},"96":{"start":{"line":255,"column":2},"end":{"line":255,"column":null}},"97":{"start":{"line":256,"column":2},"end":{"line":256,"column":null}},"98":{"start":{"line":257,"column":2},"end":{"line":257,"column":null}},"99":{"start":{"line":261,"column":2},"end":{"line":261,"column":null}},"100":{"start":{"line":262,"column":2},"end":{"line":264,"column":null}},"101":{"start":{"line":263,"column":4},"end":{"line":263,"column":null}},"102":{"start":{"line":265,"column":2},"end":{"line":265,"column":null}},"103":{"start":{"line":269,"column":2},"end":{"line":269,"column":null}},"104":{"start":{"line":270,"column":2},"end":{"line":272,"column":null}},"105":{"start":{"line":271,"column":4},"end":{"line":271,"column":null}},"106":{"start":{"line":273,"column":2},"end":{"line":273,"column":null}},"107":{"start":{"line":277,"column":18},"end":{"line":277,"column":null}},"108":{"start":{"line":278,"column":2},"end":{"line":278,"column":null}},"109":{"start":{"line":278,"column":23},"end":{"line":278,"column":null}},"110":{"start":{"line":279,"column":2},"end":{"line":279,"column":null}},"111":{"start":{"line":279,"column":38},"end":{"line":279,"column":52}},"112":{"start":{"line":283,"column":18},"end":{"line":283,"column":null}},"113":{"start":{"line":284,"column":2},"end":{"line":284,"column":null}},"114":{"start":{"line":284,"column":23},"end":{"line":284,"column":null}},"115":{"start":{"line":285,"column":2},"end":{"line":285,"column":null}},"116":{"start":{"line":285,"column":38},"end":{"line":285,"column":52}},"117":{"start":{"line":291,"column":18},"end":{"line":291,"column":null}},"118":{"start":{"line":292,"column":2},"end":{"line":292,"column":null}},"119":{"start":{"line":292,"column":23},"end":{"line":292,"column":null}},"120":{"start":{"line":293,"column":2},"end":{"line":299,"column":null}},"121":{"start":{"line":293,"column":41},"end":{"line":299,"column":4}},"122":{"start":{"line":303,"column":8},"end":{"line":303,"column":null}},"123":{"start":{"line":304,"column":20},"end":{"line":304,"column":null}},"124":{"start":{"line":305,"column":2},"end":{"line":305,"column":null}},"125":{"start":{"line":306,"column":2},"end":{"line":306,"column":null}},"126":{"start":{"line":307,"column":2},"end":{"line":307,"column":null}},"127":{"start":{"line":311,"column":2},"end":{"line":311,"column":null}},"128":{"start":{"line":312,"column":2},"end":{"line":312,"column":null}},"129":{"start":{"line":316,"column":18},"end":{"line":322,"column":null}},"130":{"start":{"line":323,"column":2},"end":{"line":323,"column":null}},"131":{"start":{"line":323,"column":23},"end":{"line":323,"column":null}},"132":{"start":{"line":324,"column":2},"end":{"line":331,"column":null}},"133":{"start":{"line":324,"column":41},"end":{"line":331,"column":4}},"134":{"start":{"line":335,"column":2},"end":{"line":335,"column":null}},"135":{"start":{"line":336,"column":2},"end":{"line":336,"column":null}},"136":{"start":{"line":340,"column":2},"end":{"line":340,"column":null}},"137":{"start":{"line":341,"column":2},"end":{"line":341,"column":null}},"138":{"start":{"line":342,"column":2},"end":{"line":342,"column":null}},"139":{"start":{"line":343,"column":2},"end":{"line":343,"column":null}},"140":{"start":{"line":347,"column":18},"end":{"line":353,"column":null}},"141":{"start":{"line":354,"column":30},"end":{"line":354,"column":null}},"142":{"start":{"line":355,"column":2},"end":{"line":355,"column":null}},"143":{"start":{"line":355,"column":23},"end":{"line":355,"column":null}},"144":{"start":{"line":356,"column":2},"end":{"line":362,"column":null}},"145":{"start":{"line":357,"column":18},"end":{"line":357,"column":null}},"146":{"start":{"line":358,"column":4},"end":{"line":358,"column":null}},"147":{"start":{"line":359,"column":4},"end":{"line":361,"column":null}},"148":{"start":{"line":359,"column":27},"end":{"line":359,"column":null}},"149":{"start":{"line":360,"column":9},"end":{"line":361,"column":null}},"150":{"start":{"line":360,"column":39},"end":{"line":360,"column":null}},"151":{"start":{"line":361,"column":9},"end":{"line":361,"column":null}},"152":{"start":{"line":361,"column":32},"end":{"line":361,"column":null}},"153":{"start":{"line":363,"column":2},"end":{"line":363,"column":null}},"154":{"start":{"line":367,"column":18},"end":{"line":372,"column":null}},"155":{"start":{"line":373,"column":2},"end":{"line":373,"column":null}},"156":{"start":{"line":373,"column":23},"end":{"line":373,"column":null}},"157":{"start":{"line":374,"column":2},"end":{"line":381,"column":null}},"158":{"start":{"line":374,"column":41},"end":{"line":381,"column":4}},"159":{"start":{"line":385,"column":18},"end":{"line":390,"column":null}},"160":{"start":{"line":391,"column":2},"end":{"line":391,"column":null}},"161":{"start":{"line":391,"column":23},"end":{"line":391,"column":null}},"162":{"start":{"line":392,"column":2},"end":{"line":396,"column":null}},"163":{"start":{"line":392,"column":41},"end":{"line":396,"column":4}},"164":{"start":{"line":402,"column":18},"end":{"line":402,"column":null}},"165":{"start":{"line":403,"column":2},"end":{"line":403,"column":null}},"166":{"start":{"line":403,"column":23},"end":{"line":403,"column":null}},"167":{"start":{"line":404,"column":2},"end":{"line":411,"column":null}},"168":{"start":{"line":404,"column":41},"end":{"line":411,"column":4}},"169":{"start":{"line":415,"column":8},"end":{"line":415,"column":null}},"170":{"start":{"line":416,"column":20},"end":{"line":416,"column":null}},"171":{"start":{"line":417,"column":2},"end":{"line":417,"column":null}},"172":{"start":{"line":418,"column":2},"end":{"line":418,"column":null}},"173":{"start":{"line":419,"column":2},"end":{"line":419,"column":null}},"174":{"start":{"line":423,"column":2},"end":{"line":423,"column":null}},"175":{"start":{"line":424,"column":2},"end":{"line":424,"column":null}},"176":{"start":{"line":428,"column":2},"end":{"line":428,"column":null}},"177":{"start":{"line":429,"column":2},"end":{"line":429,"column":null}},"178":{"start":{"line":430,"column":2},"end":{"line":430,"column":null}},"179":{"start":{"line":431,"column":2},"end":{"line":431,"column":null}},"180":{"start":{"line":435,"column":18},"end":{"line":440,"column":null}},"181":{"start":{"line":441,"column":2},"end":{"line":441,"column":null}},"182":{"start":{"line":441,"column":23},"end":{"line":441,"column":null}},"183":{"start":{"line":442,"column":2},"end":{"line":449,"column":null}},"184":{"start":{"line":442,"column":41},"end":{"line":449,"column":4}},"185":{"start":{"line":453,"column":18},"end":{"line":458,"column":null}},"186":{"start":{"line":459,"column":2},"end":{"line":459,"column":null}},"187":{"start":{"line":459,"column":23},"end":{"line":459,"column":null}},"188":{"start":{"line":460,"column":2},"end":{"line":464,"column":null}},"189":{"start":{"line":460,"column":41},"end":{"line":464,"column":4}},"190":{"start":{"line":478,"column":18},"end":{"line":481,"column":null}},"191":{"start":{"line":482,"column":2},"end":{"line":482,"column":null}},"192":{"start":{"line":482,"column":23},"end":{"line":482,"column":null}},"193":{"start":{"line":483,"column":2},"end":{"line":489,"column":null}},"194":{"start":{"line":483,"column":41},"end":{"line":489,"column":4}},"195":{"start":{"line":493,"column":2},"end":{"line":499,"column":null}},"196":{"start":{"line":494,"column":4},"end":{"line":498,"column":null}},"197":{"start":{"line":500,"column":2},"end":{"line":500,"column":null}}},"fnMap":{"0":{"name":"setOnPersistError","decl":{"start":{"line":15,"column":16},"end":{"line":15,"column":34}},"loc":{"start":{"line":15,"column":80},"end":{"line":17,"column":null}},"line":15},"1":{"name":"getDB","decl":{"start":{"line":19,"column":16},"end":{"line":19,"column":43}},"loc":{"start":{"line":19,"column":43},"end":{"line":24,"column":null}},"line":19},"2":{"name":"initDB","decl":{"start":{"line":26,"column":15},"end":{"line":26,"column":43}},"loc":{"start":{"line":26,"column":43},"end":{"line":113,"column":null}},"line":26},"3":{"name":"(anonymous_3)","decl":{"start":{"line":28,"column":4},"end":{"line":28,"column":22}},"loc":{"start":{"line":28,"column":22},"end":{"line":28,"column":null}},"line":28},"4":{"name":"(anonymous_4)","decl":{"start":{"line":34,"column":44},"end":{"line":34,"column":48}},"loc":{"start":{"line":34,"column":54},"end":{"line":34,"column":69}},"line":34},"5":{"name":"persist","decl":{"start":{"line":115,"column":16},"end":{"line":115,"column":32}},"loc":{"start":{"line":115,"column":32},"end":{"line":134,"column":null}},"line":115},"6":{"name":"getAllTodos","decl":{"start":{"line":138,"column":16},"end":{"line":138,"column":28}},"loc":{"start":{"line":138,"column":56},"end":{"line":155,"column":null}},"line":138},"7":{"name":"(anonymous_7)","decl":{"start":{"line":147,"column":27},"end":{"line":147,"column":32}},"loc":{"start":{"line":147,"column":41},"end":{"line":154,"column":4}},"line":147},"8":{"name":"createTodo","decl":{"start":{"line":157,"column":16},"end":{"line":157,"column":27}},"loc":{"start":{"line":157,"column":106},"end":{"line":166,"column":null}},"line":157},"9":{"name":"markProjectTodosDone","decl":{"start":{"line":168,"column":16},"end":{"line":168,"column":37}},"loc":{"start":{"line":168,"column":82},"end":{"line":180,"column":null}},"line":168},"10":{"name":"updateTodoStatus","decl":{"start":{"line":182,"column":16},"end":{"line":182,"column":33}},"loc":{"start":{"line":182,"column":95},"end":{"line":186,"column":null}},"line":182},"11":{"name":"updateTodo","decl":{"start":{"line":188,"column":16},"end":{"line":188,"column":27}},"loc":{"start":{"line":188,"column":107},"end":{"line":191,"column":null}},"line":188},"12":{"name":"deleteTodo","decl":{"start":{"line":193,"column":16},"end":{"line":193,"column":27}},"loc":{"start":{"line":193,"column":65},"end":{"line":198,"column":null}},"line":193},"13":{"name":"setTodoProjects","decl":{"start":{"line":200,"column":16},"end":{"line":200,"column":32}},"loc":{"start":{"line":200,"column":96},"end":{"line":206,"column":null}},"line":200},"14":{"name":"setTodoContacts","decl":{"start":{"line":208,"column":16},"end":{"line":208,"column":32}},"loc":{"start":{"line":208,"column":96},"end":{"line":214,"column":null}},"line":208},"15":{"name":"getTodoProjects","decl":{"start":{"line":216,"column":16},"end":{"line":216,"column":32}},"loc":{"start":{"line":216,"column":78},"end":{"line":220,"column":null}},"line":216},"16":{"name":"(anonymous_16)","decl":{"start":{"line":219,"column":27},"end":{"line":219,"column":32}},"loc":{"start":{"line":219,"column":38},"end":{"line":219,"column":52}},"line":219},"17":{"name":"getTodoContacts","decl":{"start":{"line":222,"column":16},"end":{"line":222,"column":32}},"loc":{"start":{"line":222,"column":78},"end":{"line":226,"column":null}},"line":222},"18":{"name":"(anonymous_18)","decl":{"start":{"line":225,"column":27},"end":{"line":225,"column":32}},"loc":{"start":{"line":225,"column":38},"end":{"line":225,"column":52}},"line":225},"19":{"name":"getAllNotes","decl":{"start":{"line":230,"column":16},"end":{"line":230,"column":28}},"loc":{"start":{"line":230,"column":56},"end":{"line":238,"column":null}},"line":230},"20":{"name":"(anonymous_20)","decl":{"start":{"line":233,"column":27},"end":{"line":233,"column":32}},"loc":{"start":{"line":233,"column":41},"end":{"line":237,"column":4}},"line":233},"21":{"name":"createNote","decl":{"start":{"line":240,"column":16},"end":{"line":240,"column":27}},"loc":{"start":{"line":240,"column":53},"end":{"line":246,"column":null}},"line":240},"22":{"name":"updateNoteContent","decl":{"start":{"line":248,"column":16},"end":{"line":248,"column":34}},"loc":{"start":{"line":248,"column":89},"end":{"line":251,"column":null}},"line":248},"23":{"name":"deleteNote","decl":{"start":{"line":253,"column":16},"end":{"line":253,"column":27}},"loc":{"start":{"line":253,"column":65},"end":{"line":258,"column":null}},"line":253},"24":{"name":"setNoteProjects","decl":{"start":{"line":260,"column":16},"end":{"line":260,"column":32}},"loc":{"start":{"line":260,"column":96},"end":{"line":266,"column":null}},"line":260},"25":{"name":"setNoteContacts","decl":{"start":{"line":268,"column":16},"end":{"line":268,"column":32}},"loc":{"start":{"line":268,"column":96},"end":{"line":274,"column":null}},"line":268},"26":{"name":"getNoteProjects","decl":{"start":{"line":276,"column":16},"end":{"line":276,"column":32}},"loc":{"start":{"line":276,"column":78},"end":{"line":280,"column":null}},"line":276},"27":{"name":"(anonymous_27)","decl":{"start":{"line":279,"column":27},"end":{"line":279,"column":32}},"loc":{"start":{"line":279,"column":38},"end":{"line":279,"column":52}},"line":279},"28":{"name":"getNoteContacts","decl":{"start":{"line":282,"column":16},"end":{"line":282,"column":32}},"loc":{"start":{"line":282,"column":78},"end":{"line":286,"column":null}},"line":282},"29":{"name":"(anonymous_29)","decl":{"start":{"line":285,"column":27},"end":{"line":285,"column":32}},"loc":{"start":{"line":285,"column":38},"end":{"line":285,"column":52}},"line":285},"30":{"name":"getAllProjects","decl":{"start":{"line":290,"column":16},"end":{"line":290,"column":31}},"loc":{"start":{"line":290,"column":62},"end":{"line":300,"column":null}},"line":290},"31":{"name":"(anonymous_31)","decl":{"start":{"line":293,"column":27},"end":{"line":293,"column":32}},"loc":{"start":{"line":293,"column":41},"end":{"line":299,"column":4}},"line":293},"32":{"name":"createProject","decl":{"start":{"line":302,"column":16},"end":{"line":302,"column":30}},"loc":{"start":{"line":302,"column":94},"end":{"line":308,"column":null}},"line":302},"33":{"name":"updateProjectStatus","decl":{"start":{"line":310,"column":16},"end":{"line":310,"column":36}},"loc":{"start":{"line":310,"column":101},"end":{"line":313,"column":null}},"line":310},"34":{"name":"getOpenTodosForProject","decl":{"start":{"line":315,"column":16},"end":{"line":315,"column":39}},"loc":{"start":{"line":315,"column":86},"end":{"line":332,"column":null}},"line":315},"35":{"name":"(anonymous_35)","decl":{"start":{"line":324,"column":27},"end":{"line":324,"column":32}},"loc":{"start":{"line":324,"column":41},"end":{"line":331,"column":4}},"line":324},"36":{"name":"updateProject","decl":{"start":{"line":334,"column":16},"end":{"line":334,"column":30}},"loc":{"start":{"line":334,"column":103},"end":{"line":337,"column":null}},"line":334},"37":{"name":"deleteProject","decl":{"start":{"line":339,"column":16},"end":{"line":339,"column":30}},"loc":{"start":{"line":339,"column":68},"end":{"line":344,"column":null}},"line":339},"38":{"name":"getProjectStats","decl":{"start":{"line":346,"column":16},"end":{"line":346,"column":32}},"loc":{"start":{"line":346,"column":85},"end":{"line":364,"column":null}},"line":346},"39":{"name":"getProjectTodos","decl":{"start":{"line":366,"column":16},"end":{"line":366,"column":32}},"loc":{"start":{"line":366,"column":79},"end":{"line":382,"column":null}},"line":366},"40":{"name":"(anonymous_40)","decl":{"start":{"line":374,"column":27},"end":{"line":374,"column":32}},"loc":{"start":{"line":374,"column":41},"end":{"line":381,"column":4}},"line":374},"41":{"name":"getProjectNotes","decl":{"start":{"line":384,"column":16},"end":{"line":384,"column":32}},"loc":{"start":{"line":384,"column":79},"end":{"line":397,"column":null}},"line":384},"42":{"name":"(anonymous_42)","decl":{"start":{"line":392,"column":27},"end":{"line":392,"column":32}},"loc":{"start":{"line":392,"column":41},"end":{"line":396,"column":4}},"line":392},"43":{"name":"getAllContacts","decl":{"start":{"line":401,"column":16},"end":{"line":401,"column":31}},"loc":{"start":{"line":401,"column":62},"end":{"line":412,"column":null}},"line":401},"44":{"name":"(anonymous_44)","decl":{"start":{"line":404,"column":27},"end":{"line":404,"column":32}},"loc":{"start":{"line":404,"column":41},"end":{"line":411,"column":4}},"line":404},"45":{"name":"createContact","decl":{"start":{"line":414,"column":16},"end":{"line":414,"column":30}},"loc":{"start":{"line":414,"column":121},"end":{"line":420,"column":null}},"line":414},"46":{"name":"updateContact","decl":{"start":{"line":422,"column":16},"end":{"line":422,"column":30}},"loc":{"start":{"line":422,"column":130},"end":{"line":425,"column":null}},"line":422},"47":{"name":"deleteContact","decl":{"start":{"line":427,"column":16},"end":{"line":427,"column":30}},"loc":{"start":{"line":427,"column":68},"end":{"line":432,"column":null}},"line":427},"48":{"name":"getContactTodos","decl":{"start":{"line":434,"column":16},"end":{"line":434,"column":32}},"loc":{"start":{"line":434,"column":79},"end":{"line":450,"column":null}},"line":434},"49":{"name":"(anonymous_49)","decl":{"start":{"line":442,"column":27},"end":{"line":442,"column":32}},"loc":{"start":{"line":442,"column":41},"end":{"line":449,"column":4}},"line":442},"50":{"name":"getContactNotes","decl":{"start":{"line":452,"column":16},"end":{"line":452,"column":32}},"loc":{"start":{"line":452,"column":79},"end":{"line":465,"column":null}},"line":452},"51":{"name":"(anonymous_51)","decl":{"start":{"line":460,"column":27},"end":{"line":460,"column":32}},"loc":{"start":{"line":460,"column":41},"end":{"line":464,"column":4}},"line":460},"52":{"name":"getSyncState","decl":{"start":{"line":477,"column":16},"end":{"line":477,"column":29}},"loc":{"start":{"line":477,"column":86},"end":{"line":490,"column":null}},"line":477},"53":{"name":"(anonymous_53)","decl":{"start":{"line":483,"column":27},"end":{"line":483,"column":32}},"loc":{"start":{"line":483,"column":41},"end":{"line":489,"column":4}},"line":483},"54":{"name":"upsertSyncState","decl":{"start":{"line":492,"column":16},"end":{"line":492,"column":32}},"loc":{"start":{"line":492,"column":85},"end":{"line":501,"column":null}},"line":492}},"branchMap":{"0":{"loc":{"start":{"line":20,"column":2},"end":{"line":22,"column":null}},"type":"if","locations":[{"start":{"line":20,"column":2},"end":{"line":22,"column":null}},{"start":{},"end":{}}],"line":20},"1":{"loc":{"start":{"line":32,"column":2},"end":{"line":42,"column":null}},"type":"if","locations":[{"start":{"line":32,"column":2},"end":{"line":42,"column":null}},{"start":{"line":40,"column":9},"end":{"line":42,"column":null}}],"line":32},"2":{"loc":{"start":{"line":107,"column":16},"end":{"line":107,"column":null}},"type":"cond-expr","locations":[{"start":{"line":107,"column":37},"end":{"line":107,"column":49}},{"start":{"line":107,"column":49},"end":{"line":107,"column":null}}],"line":107},"3":{"loc":{"start":{"line":108,"column":4},"end":{"line":108,"column":null}},"type":"if","locations":[{"start":{"line":108,"column":4},"end":{"line":108,"column":null}},{"start":{},"end":{}}],"line":108},"4":{"loc":{"start":{"line":116,"column":2},"end":{"line":116,"column":null}},"type":"if","locations":[{"start":{"line":116,"column":2},"end":{"line":116,"column":null}},{"start":{},"end":{}}],"line":116},"5":{"loc":{"start":{"line":125,"column":20},"end":{"line":125,"column":null}},"type":"cond-expr","locations":[{"start":{"line":125,"column":43},"end":{"line":125,"column":57}},{"start":{"line":125,"column":57},"end":{"line":125,"column":null}}],"line":125},"6":{"loc":{"start":{"line":126,"column":17},"end":{"line":128,"column":null}},"type":"cond-expr","locations":[{"start":{"line":126,"column":53},"end":{"line":126,"column":null}},{"start":{"line":127,"column":8},"end":{"line":128,"column":null}}],"line":126},"7":{"loc":{"start":{"line":127,"column":8},"end":{"line":128,"column":null}},"type":"cond-expr","locations":[{"start":{"line":127,"column":41},"end":{"line":127,"column":null}},{"start":{"line":128,"column":8},"end":{"line":128,"column":null}}],"line":127},"8":{"loc":{"start":{"line":130,"column":4},"end":{"line":132,"column":null}},"type":"if","locations":[{"start":{"line":130,"column":4},"end":{"line":132,"column":null}},{"start":{},"end":{}}],"line":130},"9":{"loc":{"start":{"line":146,"column":2},"end":{"line":146,"column":null}},"type":"if","locations":[{"start":{"line":146,"column":2},"end":{"line":146,"column":null}},{"start":{},"end":{}}],"line":146},"10":{"loc":{"start":{"line":157,"column":61},"end":{"line":157,"column":106}},"type":"default-arg","locations":[{"start":{"line":157,"column":90},"end":{"line":157,"column":106}}],"line":157},"11":{"loc":{"start":{"line":183,"column":17},"end":{"line":183,"column":null}},"type":"cond-expr","locations":[{"start":{"line":183,"column":37},"end":{"line":183,"column":64}},{"start":{"line":183,"column":64},"end":{"line":183,"column":null}}],"line":183},"12":{"loc":{"start":{"line":218,"column":2},"end":{"line":218,"column":null}},"type":"if","locations":[{"start":{"line":218,"column":2},"end":{"line":218,"column":null}},{"start":{},"end":{}}],"line":218},"13":{"loc":{"start":{"line":224,"column":2},"end":{"line":224,"column":null}},"type":"if","locations":[{"start":{"line":224,"column":2},"end":{"line":224,"column":null}},{"start":{},"end":{}}],"line":224},"14":{"loc":{"start":{"line":232,"column":2},"end":{"line":232,"column":null}},"type":"if","locations":[{"start":{"line":232,"column":2},"end":{"line":232,"column":null}},{"start":{},"end":{}}],"line":232},"15":{"loc":{"start":{"line":278,"column":2},"end":{"line":278,"column":null}},"type":"if","locations":[{"start":{"line":278,"column":2},"end":{"line":278,"column":null}},{"start":{},"end":{}}],"line":278},"16":{"loc":{"start":{"line":284,"column":2},"end":{"line":284,"column":null}},"type":"if","locations":[{"start":{"line":284,"column":2},"end":{"line":284,"column":null}},{"start":{},"end":{}}],"line":284},"17":{"loc":{"start":{"line":292,"column":2},"end":{"line":292,"column":null}},"type":"if","locations":[{"start":{"line":292,"column":2},"end":{"line":292,"column":null}},{"start":{},"end":{}}],"line":292},"18":{"loc":{"start":{"line":297,"column":13},"end":{"line":297,"column":null}},"type":"binary-expr","locations":[{"start":{"line":297,"column":13},"end":{"line":297,"column":33}},{"start":{"line":297,"column":33},"end":{"line":297,"column":null}}],"line":297},"19":{"loc":{"start":{"line":323,"column":2},"end":{"line":323,"column":null}},"type":"if","locations":[{"start":{"line":323,"column":2},"end":{"line":323,"column":null}},{"start":{},"end":{}}],"line":323},"20":{"loc":{"start":{"line":355,"column":2},"end":{"line":355,"column":null}},"type":"if","locations":[{"start":{"line":355,"column":2},"end":{"line":355,"column":null}},{"start":{},"end":{}}],"line":355},"21":{"loc":{"start":{"line":359,"column":4},"end":{"line":361,"column":null}},"type":"if","locations":[{"start":{"line":359,"column":4},"end":{"line":361,"column":null}},{"start":{"line":360,"column":9},"end":{"line":361,"column":null}}],"line":359},"22":{"loc":{"start":{"line":360,"column":9},"end":{"line":361,"column":null}},"type":"if","locations":[{"start":{"line":360,"column":9},"end":{"line":361,"column":null}},{"start":{"line":361,"column":9},"end":{"line":361,"column":null}}],"line":360},"23":{"loc":{"start":{"line":361,"column":9},"end":{"line":361,"column":null}},"type":"if","locations":[{"start":{"line":361,"column":9},"end":{"line":361,"column":null}},{"start":{},"end":{}}],"line":361},"24":{"loc":{"start":{"line":373,"column":2},"end":{"line":373,"column":null}},"type":"if","locations":[{"start":{"line":373,"column":2},"end":{"line":373,"column":null}},{"start":{},"end":{}}],"line":373},"25":{"loc":{"start":{"line":391,"column":2},"end":{"line":391,"column":null}},"type":"if","locations":[{"start":{"line":391,"column":2},"end":{"line":391,"column":null}},{"start":{},"end":{}}],"line":391},"26":{"loc":{"start":{"line":403,"column":2},"end":{"line":403,"column":null}},"type":"if","locations":[{"start":{"line":403,"column":2},"end":{"line":403,"column":null}},{"start":{},"end":{}}],"line":403},"27":{"loc":{"start":{"line":441,"column":2},"end":{"line":441,"column":null}},"type":"if","locations":[{"start":{"line":441,"column":2},"end":{"line":441,"column":null}},{"start":{},"end":{}}],"line":441},"28":{"loc":{"start":{"line":459,"column":2},"end":{"line":459,"column":null}},"type":"if","locations":[{"start":{"line":459,"column":2},"end":{"line":459,"column":null}},{"start":{},"end":{}}],"line":459},"29":{"loc":{"start":{"line":482,"column":2},"end":{"line":482,"column":null}},"type":"if","locations":[{"start":{"line":482,"column":2},"end":{"line":482,"column":null}},{"start":{},"end":{}}],"line":482}},"s":{"0":2,"1":2,"2":2,"3":2,"4":2,"5":0,"6":0,"7":0,"8":0,"9":0,"10":0,"11":0,"12":0,"13":0,"14":0,"15":0,"16":0,"17":0,"18":0,"19":0,"20":0,"21":0,"22":0,"23":0,"24":0,"25":0,"26":0,"27":0,"28":177,"29":177,"30":0,"31":0,"32":0,"33":0,"34":0,"35":0,"36":0,"37":0,"38":0,"39":0,"40":0,"41":0,"42":11,"43":11,"44":11,"45":2,"46":9,"47":11,"48":39,"49":39,"50":39,"51":39,"52":39,"53":2,"54":2,"55":2,"56":8,"57":8,"58":8,"59":1,"60":1,"61":2,"62":2,"63":2,"64":2,"65":28,"66":28,"67":28,"68":28,"69":4,"70":4,"71":5,"72":4,"73":6,"74":6,"75":3,"76":3,"77":4,"78":13,"79":13,"80":11,"81":2,"82":3,"83":4,"84":4,"85":1,"86":3,"87":4,"88":11,"89":11,"90":11,"91":11,"92":11,"93":1,"94":1,"95":1,"96":1,"97":1,"98":1,"99":4,"100":4,"101":4,"102":4,"103":2,"104":2,"105":2,"106":2,"107":1,"108":1,"109":0,"110":1,"111":1,"112":1,"113":1,"114":1,"115":0,"116":0,"117":18,"118":18,"119":2,"120":16,"121":20,"122":38,"123":38,"124":38,"125":38,"126":38,"127":1,"128":1,"129":1,"130":1,"131":0,"132":1,"133":2,"134":9,"135":9,"136":2,"137":2,"138":2,"139":2,"140":2,"141":2,"142":2,"143":1,"144":1,"145":3,"146":3,"147":3,"148":1,"149":2,"150":1,"151":1,"152":1,"153":1,"154":15,"155":15,"156":2,"157":13,"158":14,"159":15,"160":15,"161":13,"162":2,"163":3,"164":16,"165":16,"166":12,"167":4,"168":5,"169":10,"170":10,"171":10,"172":10,"173":10,"174":1,"175":1,"176":1,"177":1,"178":1,"179":1,"180":1,"181":1,"182":0,"183":1,"184":2,"185":1,"186":1,"187":0,"188":1,"189":2,"190":20,"191":20,"192":15,"193":5,"194":5,"195":12,"196":14,"197":12},"f":{"0":0,"1":0,"2":0,"3":0,"4":0,"5":177,"6":11,"7":11,"8":39,"9":2,"10":8,"11":1,"12":2,"13":28,"14":4,"15":6,"16":4,"17":13,"18":3,"19":4,"20":4,"21":11,"22":1,"23":1,"24":4,"25":2,"26":1,"27":1,"28":1,"29":0,"30":18,"31":20,"32":38,"33":1,"34":1,"35":2,"36":9,"37":2,"38":2,"39":15,"40":14,"41":15,"42":3,"43":16,"44":5,"45":10,"46":1,"47":1,"48":1,"49":2,"50":1,"51":2,"52":20,"53":5,"54":12},"b":{"0":[0,0],"1":[0,0],"2":[0,0],"3":[0,0],"4":[177,0],"5":[0,0],"6":[0,0],"7":[0,0],"8":[0,0],"9":[2,9],"10":[39],"11":[5,3],"12":[3,3],"13":[11,2],"14":[1,3],"15":[0,1],"16":[1,0],"17":[2,16],"18":[20,0],"19":[0,1],"20":[1,1],"21":[1,2],"22":[1,1],"23":[1,0],"24":[2,13],"25":[13,2],"26":[12,4],"27":[0,1],"28":[0,1],"29":[15,5]},"meta":{"lastBranch":30,"lastFunction":55,"lastStatement":198,"seen":{"s:6:15:6:Infinity":0,"s:7:29:7:Infinity":1,"s:9:26:9:Infinity":2,"s:10:42:10:Infinity":3,"s:13:61:13:Infinity":4,"f:15:16:15:34":0,"s:16:2:16:Infinity":5,"f:19:16:19:43":1,"b:20:2:22:Infinity:undefined:undefined:undefined:undefined":0,"s:20:2:22:Infinity":6,"s:21:4:21:Infinity":7,"s:23:2:23:Infinity":8,"f:26:15:26:43":2,"s:27:14:29:Infinity":9,"f:28:4:28:22":3,"s:28:22:28:Infinity":10,"s:31:16:31:Infinity":11,"b:32:2:42:Infinity:40:9:42:Infinity":1,"s:32:2:42:Infinity":12,"s:33:4:39:Infinity":13,"s:34:18:34:Infinity":14,"f:34:44:34:48":4,"s:34:54:34:69":15,"s:35:6:35:Infinity":16,"s:37:6:37:Infinity":17,"s:38:6:38:Infinity":18,"s:41:4:41:Infinity":19,"s:44:2:101:Infinity":20,"s:104:2:109:Infinity":21,"s:105:4:105:Infinity":22,"s:107:16:107:Infinity":23,"b:107:37:107:49:107:49:107:Infinity":2,"b:108:4:108:Infinity:undefined:undefined:undefined:undefined":3,"s:108:4:108:Infinity":24,"s:108:43:108:Infinity":25,"s:111:2:111:Infinity":26,"s:112:2:112:Infinity":27,"f:115:16:115:32":5,"b:116:2:116:Infinity:undefined:undefined:undefined:undefined":4,"s:116:2:116:Infinity":28,"s:116:11:116:Infinity":29,"s:117:2:133:Infinity":30,"s:118:17:118:Infinity":31,"s:119:17:119:Infinity":32,"s:120:4:122:Infinity":33,"s:120:17:120:20":34,"s:121:6:121:Infinity":35,"s:123:4:123:Infinity":36,"s:125:20:125:Infinity":37,"b:125:43:125:57:125:57:125:Infinity":5,"s:126:17:128:Infinity":38,"b:126:53:126:Infinity:127:8:128:Infinity":6,"b:127:41:127:Infinity:128:8:128:Infinity":7,"s:129:4:129:Infinity":39,"b:130:4:132:Infinity:undefined:undefined:undefined:undefined":8,"s:130:4:132:Infinity":40,"s:131:6:131:Infinity":41,"f:138:16:138:28":6,"s:139:23:139:Infinity":42,"s:140:18:145:Infinity":43,"b:146:2:146:Infinity:undefined:undefined:undefined:undefined":9,"s:146:2:146:Infinity":44,"s:146:23:146:Infinity":45,"s:147:2:154:Infinity":46,"f:147:27:147:32":7,"s:147:41:154:4":47,"f:157:16:157:27":8,"b:157:90:157:106":10,"s:158:8:158:Infinity":48,"s:159:20:159:Infinity":49,"s:160:2:163:Infinity":50,"s:164:2:164:Infinity":51,"s:165:2:165:Infinity":52,"f:168:16:168:37":9,"s:169:17:169:Infinity":53,"s:170:2:178:Infinity":54,"s:179:2:179:Infinity":55,"f:182:16:182:33":10,"s:183:17:183:Infinity":56,"b:183:37:183:64:183:64:183:Infinity":11,"s:184:2:184:Infinity":57,"s:185:2:185:Infinity":58,"f:188:16:188:27":11,"s:189:2:189:Infinity":59,"s:190:2:190:Infinity":60,"f:193:16:193:27":12,"s:194:2:194:Infinity":61,"s:195:2:195:Infinity":62,"s:196:2:196:Infinity":63,"s:197:2:197:Infinity":64,"f:200:16:200:32":13,"s:201:2:201:Infinity":65,"s:202:2:204:Infinity":66,"s:203:4:203:Infinity":67,"s:205:2:205:Infinity":68,"f:208:16:208:32":14,"s:209:2:209:Infinity":69,"s:210:2:212:Infinity":70,"s:211:4:211:Infinity":71,"s:213:2:213:Infinity":72,"f:216:16:216:32":15,"s:217:18:217:Infinity":73,"b:218:2:218:Infinity:undefined:undefined:undefined:undefined":12,"s:218:2:218:Infinity":74,"s:218:23:218:Infinity":75,"s:219:2:219:Infinity":76,"f:219:27:219:32":16,"s:219:38:219:52":77,"f:222:16:222:32":17,"s:223:18:223:Infinity":78,"b:224:2:224:Infinity:undefined:undefined:undefined:undefined":13,"s:224:2:224:Infinity":79,"s:224:23:224:Infinity":80,"s:225:2:225:Infinity":81,"f:225:27:225:32":18,"s:225:38:225:52":82,"f:230:16:230:28":19,"s:231:18:231:Infinity":83,"b:232:2:232:Infinity:undefined:undefined:undefined:undefined":14,"s:232:2:232:Infinity":84,"s:232:23:232:Infinity":85,"s:233:2:237:Infinity":86,"f:233:27:233:32":20,"s:233:41:237:4":87,"f:240:16:240:27":21,"s:241:8:241:Infinity":88,"s:242:20:242:Infinity":89,"s:243:2:243:Infinity":90,"s:244:2:244:Infinity":91,"s:245:2:245:Infinity":92,"f:248:16:248:34":22,"s:249:2:249:Infinity":93,"s:250:2:250:Infinity":94,"f:253:16:253:27":23,"s:254:2:254:Infinity":95,"s:255:2:255:Infinity":96,"s:256:2:256:Infinity":97,"s:257:2:257:Infinity":98,"f:260:16:260:32":24,"s:261:2:261:Infinity":99,"s:262:2:264:Infinity":100,"s:263:4:263:Infinity":101,"s:265:2:265:Infinity":102,"f:268:16:268:32":25,"s:269:2:269:Infinity":103,"s:270:2:272:Infinity":104,"s:271:4:271:Infinity":105,"s:273:2:273:Infinity":106,"f:276:16:276:32":26,"s:277:18:277:Infinity":107,"b:278:2:278:Infinity:undefined:undefined:undefined:undefined":15,"s:278:2:278:Infinity":108,"s:278:23:278:Infinity":109,"s:279:2:279:Infinity":110,"f:279:27:279:32":27,"s:279:38:279:52":111,"f:282:16:282:32":28,"s:283:18:283:Infinity":112,"b:284:2:284:Infinity:undefined:undefined:undefined:undefined":16,"s:284:2:284:Infinity":113,"s:284:23:284:Infinity":114,"s:285:2:285:Infinity":115,"f:285:27:285:32":29,"s:285:38:285:52":116,"f:290:16:290:31":30,"s:291:18:291:Infinity":117,"b:292:2:292:Infinity:undefined:undefined:undefined:undefined":17,"s:292:2:292:Infinity":118,"s:292:23:292:Infinity":119,"s:293:2:299:Infinity":120,"f:293:27:293:32":31,"s:293:41:299:4":121,"b:297:13:297:33:297:33:297:Infinity":18,"f:302:16:302:30":32,"s:303:8:303:Infinity":122,"s:304:20:304:Infinity":123,"s:305:2:305:Infinity":124,"s:306:2:306:Infinity":125,"s:307:2:307:Infinity":126,"f:310:16:310:36":33,"s:311:2:311:Infinity":127,"s:312:2:312:Infinity":128,"f:315:16:315:39":34,"s:316:18:322:Infinity":129,"b:323:2:323:Infinity:undefined:undefined:undefined:undefined":19,"s:323:2:323:Infinity":130,"s:323:23:323:Infinity":131,"s:324:2:331:Infinity":132,"f:324:27:324:32":35,"s:324:41:331:4":133,"f:334:16:334:30":36,"s:335:2:335:Infinity":134,"s:336:2:336:Infinity":135,"f:339:16:339:30":37,"s:340:2:340:Infinity":136,"s:341:2:341:Infinity":137,"s:342:2:342:Infinity":138,"s:343:2:343:Infinity":139,"f:346:16:346:32":38,"s:347:18:353:Infinity":140,"s:354:30:354:Infinity":141,"b:355:2:355:Infinity:undefined:undefined:undefined:undefined":20,"s:355:2:355:Infinity":142,"s:355:23:355:Infinity":143,"s:356:2:362:Infinity":144,"s:357:18:357:Infinity":145,"s:358:4:358:Infinity":146,"b:359:4:361:Infinity:360:9:361:Infinity":21,"s:359:4:361:Infinity":147,"s:359:27:359:Infinity":148,"b:360:9:361:Infinity:361:9:361:Infinity":22,"s:360:9:361:Infinity":149,"s:360:39:360:Infinity":150,"b:361:9:361:Infinity:undefined:undefined:undefined:undefined":23,"s:361:9:361:Infinity":151,"s:361:32:361:Infinity":152,"s:363:2:363:Infinity":153,"f:366:16:366:32":39,"s:367:18:372:Infinity":154,"b:373:2:373:Infinity:undefined:undefined:undefined:undefined":24,"s:373:2:373:Infinity":155,"s:373:23:373:Infinity":156,"s:374:2:381:Infinity":157,"f:374:27:374:32":40,"s:374:41:381:4":158,"f:384:16:384:32":41,"s:385:18:390:Infinity":159,"b:391:2:391:Infinity:undefined:undefined:undefined:undefined":25,"s:391:2:391:Infinity":160,"s:391:23:391:Infinity":161,"s:392:2:396:Infinity":162,"f:392:27:392:32":42,"s:392:41:396:4":163,"f:401:16:401:31":43,"s:402:18:402:Infinity":164,"b:403:2:403:Infinity:undefined:undefined:undefined:undefined":26,"s:403:2:403:Infinity":165,"s:403:23:403:Infinity":166,"s:404:2:411:Infinity":167,"f:404:27:404:32":44,"s:404:41:411:4":168,"f:414:16:414:30":45,"s:415:8:415:Infinity":169,"s:416:20:416:Infinity":170,"s:417:2:417:Infinity":171,"s:418:2:418:Infinity":172,"s:419:2:419:Infinity":173,"f:422:16:422:30":46,"s:423:2:423:Infinity":174,"s:424:2:424:Infinity":175,"f:427:16:427:30":47,"s:428:2:428:Infinity":176,"s:429:2:429:Infinity":177,"s:430:2:430:Infinity":178,"s:431:2:431:Infinity":179,"f:434:16:434:32":48,"s:435:18:440:Infinity":180,"b:441:2:441:Infinity:undefined:undefined:undefined:undefined":27,"s:441:2:441:Infinity":181,"s:441:23:441:Infinity":182,"s:442:2:449:Infinity":183,"f:442:27:442:32":49,"s:442:41:449:4":184,"f:452:16:452:32":50,"s:453:18:458:Infinity":185,"b:459:2:459:Infinity:undefined:undefined:undefined:undefined":28,"s:459:2:459:Infinity":186,"s:459:23:459:Infinity":187,"s:460:2:464:Infinity":188,"f:460:27:460:32":51,"s:460:41:464:4":189,"f:477:16:477:29":52,"s:478:18:481:Infinity":190,"b:482:2:482:Infinity:undefined:undefined:undefined:undefined":29,"s:482:2:482:Infinity":191,"s:482:23:482:Infinity":192,"s:483:2:489:Infinity":193,"f:483:27:483:32":53,"s:483:41:489:4":194,"f:492:16:492:32":54,"s:493:2:499:Infinity":195,"s:494:4:498:Infinity":196,"s:500:2:500:Infinity":197}}}
,"/Users/SCHILM2/Repos/ProjectManager/src/services/syncProjects.ts": {"path":"/Users/SCHILM2/Repos/ProjectManager/src/services/syncProjects.ts","statementMap":{"0":{"start":{"line":16,"column":24},"end":{"line":16,"column":null}},"1":{"start":{"line":17,"column":26},"end":{"line":17,"column":null}},"2":{"start":{"line":28,"column":18},"end":{"line":28,"column":null}},"3":{"start":{"line":29,"column":15},"end":{"line":29,"column":null}},"4":{"start":{"line":30,"column":21},"end":{"line":30,"column":null}},"5":{"start":{"line":31,"column":20},"end":{"line":31,"column":null}},"6":{"start":{"line":32,"column":2},"end":{"line":32,"column":null}},"7":{"start":{"line":32,"column":28},"end":{"line":32,"column":59}},"8":{"start":{"line":36,"column":2},"end":{"line":36,"column":null}},"9":{"start":{"line":53,"column":8},"end":{"line":53,"column":null}},"10":{"start":{"line":54,"column":18},"end":{"line":54,"column":null}},"11":{"start":{"line":54,"column":45},"end":{"line":54,"column":70}},"12":{"start":{"line":55,"column":21},"end":{"line":55,"column":null}},"13":{"start":{"line":55,"column":47},"end":{"line":55,"column":61}},"14":{"start":{"line":57,"column":32},"end":{"line":57,"column":null}},"15":{"start":{"line":58,"column":20},"end":{"line":58,"column":null}},"16":{"start":{"line":60,"column":2},"end":{"line":79,"column":null}},"17":{"start":{"line":61,"column":20},"end":{"line":61,"column":null}},"18":{"start":{"line":62,"column":17},"end":{"line":62,"column":null}},"19":{"start":{"line":63,"column":4},"end":{"line":63,"column":null}},"20":{"start":{"line":65,"column":25},"end":{"line":65,"column":null}},"21":{"start":{"line":66,"column":4},"end":{"line":78,"column":null}},"22":{"start":{"line":67,"column":12},"end":{"line":67,"column":null}},"23":{"start":{"line":68,"column":27},"end":{"line":70,"column":null}},"24":{"start":{"line":69,"column":19},"end":{"line":69,"column":37}},"25":{"start":{"line":70,"column":36},"end":{"line":70,"column":39}},"26":{"start":{"line":72,"column":6},"end":{"line":77,"column":null}},"27":{"start":{"line":81,"column":2},"end":{"line":99,"column":null}},"28":{"start":{"line":82,"column":17},"end":{"line":82,"column":null}},"29":{"start":{"line":83,"column":4},"end":{"line":83,"column":null}},"30":{"start":{"line":85,"column":25},"end":{"line":85,"column":null}},"31":{"start":{"line":86,"column":4},"end":{"line":98,"column":null}},"32":{"start":{"line":87,"column":12},"end":{"line":87,"column":null}},"33":{"start":{"line":88,"column":27},"end":{"line":90,"column":null}},"34":{"start":{"line":89,"column":19},"end":{"line":89,"column":37}},"35":{"start":{"line":90,"column":36},"end":{"line":90,"column":39}},"36":{"start":{"line":92,"column":6},"end":{"line":97,"column":null}},"37":{"start":{"line":101,"column":2},"end":{"line":101,"column":null}},"38":{"start":{"line":108,"column":20},"end":{"line":108,"column":null}},"39":{"start":{"line":108,"column":46},"end":{"line":108,"column":63}},"40":{"start":{"line":109,"column":20},"end":{"line":109,"column":null}},"41":{"start":{"line":109,"column":46},"end":{"line":109,"column":63}},"42":{"start":{"line":111,"column":18},"end":{"line":111,"column":null}},"43":{"start":{"line":113,"column":2},"end":{"line":122,"column":null}},"44":{"start":{"line":114,"column":4},"end":{"line":114,"column":null}},"45":{"start":{"line":115,"column":4},"end":{"line":121,"column":null}},"46":{"start":{"line":116,"column":6},"end":{"line":116,"column":null}},"47":{"start":{"line":117,"column":6},"end":{"line":119,"column":null}},"48":{"start":{"line":118,"column":8},"end":{"line":118,"column":null}},"49":{"start":{"line":120,"column":6},"end":{"line":120,"column":null}},"50":{"start":{"line":124,"column":2},"end":{"line":132,"column":null}},"51":{"start":{"line":125,"column":4},"end":{"line":125,"column":null}},"52":{"start":{"line":126,"column":4},"end":{"line":131,"column":null}},"53":{"start":{"line":127,"column":6},"end":{"line":127,"column":null}},"54":{"start":{"line":128,"column":6},"end":{"line":130,"column":null}},"55":{"start":{"line":129,"column":8},"end":{"line":129,"column":null}},"56":{"start":{"line":134,"column":26},"end":{"line":136,"column":null}},"57":{"start":{"line":135,"column":42},"end":{"line":135,"column":56}},"58":{"start":{"line":138,"column":2},"end":{"line":157,"column":null}},"59":{"start":{"line":163,"column":8},"end":{"line":163,"column":null}},"60":{"start":{"line":164,"column":16},"end":{"line":164,"column":null}},"61":{"start":{"line":166,"column":2},"end":{"line":168,"column":null}},"62":{"start":{"line":167,"column":4},"end":{"line":167,"column":null}},"63":{"start":{"line":170,"column":19},"end":{"line":179,"column":null}},"64":{"start":{"line":181,"column":2},"end":{"line":183,"column":null}},"65":{"start":{"line":182,"column":4},"end":{"line":182,"column":null}},"66":{"start":{"line":185,"column":15},"end":{"line":185,"column":null}},"67":{"start":{"line":186,"column":18},"end":{"line":186,"column":null}},"68":{"start":{"line":188,"column":2},"end":{"line":190,"column":null}},"69":{"start":{"line":189,"column":4},"end":{"line":189,"column":null}},"70":{"start":{"line":192,"column":2},"end":{"line":192,"column":null}},"71":{"start":{"line":199,"column":8},"end":{"line":199,"column":null}},"72":{"start":{"line":199,"column":56},"end":{"line":199,"column":77}},"73":{"start":{"line":200,"column":8},"end":{"line":200,"column":null}},"74":{"start":{"line":201,"column":16},"end":{"line":201,"column":null}},"75":{"start":{"line":203,"column":2},"end":{"line":256,"column":null}},"76":{"start":{"line":203,"column":15},"end":{"line":203,"column":18}},"77":{"start":{"line":204,"column":20},"end":{"line":204,"column":null}},"78":{"start":{"line":206,"column":4},"end":{"line":206,"column":null}},"79":{"start":{"line":208,"column":4},"end":{"line":255,"column":null}},"80":{"start":{"line":209,"column":12},"end":{"line":209,"column":null}},"81":{"start":{"line":210,"column":12},"end":{"line":210,"column":null}},"82":{"start":{"line":211,"column":35},"end":{"line":211,"column":null}},"83":{"start":{"line":213,"column":6},"end":{"line":231,"column":null}},"84":{"start":{"line":214,"column":8},"end":{"line":214,"column":null}},"85":{"start":{"line":216,"column":46},"end":{"line":216,"column":null}},"86":{"start":{"line":217,"column":8},"end":{"line":226,"column":null}},"87":{"start":{"line":218,"column":27},"end":{"line":218,"column":null}},"88":{"start":{"line":218,"column":43},"end":{"line":218,"column":58}},"89":{"start":{"line":219,"column":10},"end":{"line":225,"column":null}},"90":{"start":{"line":227,"column":8},"end":{"line":229,"column":null}},"91":{"start":{"line":228,"column":10},"end":{"line":228,"column":null}},"92":{"start":{"line":230,"column":8},"end":{"line":230,"column":null}},"93":{"start":{"line":233,"column":21},"end":{"line":233,"column":null}},"94":{"start":{"line":234,"column":33},"end":{"line":234,"column":null}},"95":{"start":{"line":236,"column":6},"end":{"line":236,"column":null}},"96":{"start":{"line":238,"column":44},"end":{"line":238,"column":null}},"97":{"start":{"line":239,"column":6},"end":{"line":248,"column":null}},"98":{"start":{"line":240,"column":25},"end":{"line":240,"column":null}},"99":{"start":{"line":240,"column":41},"end":{"line":240,"column":56}},"100":{"start":{"line":241,"column":8},"end":{"line":247,"column":null}},"101":{"start":{"line":249,"column":6},"end":{"line":249,"column":null}},"102":{"start":{"line":251,"column":6},"end":{"line":251,"column":null}},"103":{"start":{"line":253,"column":22},"end":{"line":253,"column":null}},"104":{"start":{"line":254,"column":6},"end":{"line":254,"column":null}}},"fnMap":{"0":{"name":"hashContent","decl":{"start":{"line":27,"column":15},"end":{"line":27,"column":27}},"loc":{"start":{"line":27,"column":61},"end":{"line":33,"column":null}},"line":27},"1":{"name":"(anonymous_1)","decl":{"start":{"line":32,"column":19},"end":{"line":32,"column":23}},"loc":{"start":{"line":32,"column":28},"end":{"line":32,"column":59}},"line":32},"2":{"name":"getTodoContent","decl":{"start":{"line":35,"column":9},"end":{"line":35,"column":24}},"loc":{"start":{"line":35,"column":44},"end":{"line":37,"column":null}},"line":35},"3":{"name":"findUnsyncedItems","decl":{"start":{"line":46,"column":15},"end":{"line":46,"column":null}},"loc":{"start":{"line":52,"column":70},"end":{"line":102,"column":null}},"line":52},"4":{"name":"(anonymous_4)","decl":{"start":{"line":54,"column":36},"end":{"line":54,"column":40}},"loc":{"start":{"line":54,"column":45},"end":{"line":54,"column":70}},"line":54},"5":{"name":"(anonymous_5)","decl":{"start":{"line":55,"column":38},"end":{"line":55,"column":42}},"loc":{"start":{"line":55,"column":47},"end":{"line":55,"column":61}},"line":55},"6":{"name":"(anonymous_6)","decl":{"start":{"line":69,"column":9},"end":{"line":69,"column":13}},"loc":{"start":{"line":69,"column":19},"end":{"line":69,"column":37}},"line":69},"7":{"name":"(anonymous_7)","decl":{"start":{"line":70,"column":9},"end":{"line":70,"column":17}},"loc":{"start":{"line":70,"column":36},"end":{"line":70,"column":39}},"line":70},"8":{"name":"(anonymous_8)","decl":{"start":{"line":89,"column":9},"end":{"line":89,"column":13}},"loc":{"start":{"line":89,"column":19},"end":{"line":89,"column":37}},"line":89},"9":{"name":"(anonymous_9)","decl":{"start":{"line":90,"column":9},"end":{"line":90,"column":17}},"loc":{"start":{"line":90,"column":36},"end":{"line":90,"column":39}},"line":90},"10":{"name":"buildPrompt","decl":{"start":{"line":104,"column":9},"end":{"line":104,"column":null}},"loc":{"start":{"line":107,"column":10},"end":{"line":160,"column":null}},"line":107},"11":{"name":"(anonymous_11)","decl":{"start":{"line":108,"column":34},"end":{"line":108,"column":41}},"loc":{"start":{"line":108,"column":46},"end":{"line":108,"column":63}},"line":108},"12":{"name":"(anonymous_12)","decl":{"start":{"line":109,"column":34},"end":{"line":109,"column":41}},"loc":{"start":{"line":109,"column":46},"end":{"line":109,"column":63}},"line":109},"13":{"name":"(anonymous_13)","decl":{"start":{"line":135,"column":29},"end":{"line":135,"column":37}},"loc":{"start":{"line":135,"column":42},"end":{"line":135,"column":56}},"line":135},"14":{"name":"callLLM","decl":{"start":{"line":162,"column":15},"end":{"line":162,"column":23}},"loc":{"start":{"line":162,"column":56},"end":{"line":193,"column":null}},"line":162},"15":{"name":"syncProjects","decl":{"start":{"line":195,"column":22},"end":{"line":195,"column":null}},"loc":{"start":{"line":198,"column":17},"end":{"line":257,"column":null}},"line":198},"16":{"name":"(anonymous_16)","decl":{"start":{"line":199,"column":44},"end":{"line":199,"column":51}},"loc":{"start":{"line":199,"column":56},"end":{"line":199,"column":77}},"line":199},"17":{"name":"(anonymous_17)","decl":{"start":{"line":218,"column":33},"end":{"line":218,"column":38}},"loc":{"start":{"line":218,"column":43},"end":{"line":218,"column":58}},"line":218},"18":{"name":"(anonymous_18)","decl":{"start":{"line":240,"column":31},"end":{"line":240,"column":36}},"loc":{"start":{"line":240,"column":41},"end":{"line":240,"column":56}},"line":240}},"branchMap":{"0":{"loc":{"start":{"line":66,"column":4},"end":{"line":78,"column":null}},"type":"if","locations":[{"start":{"line":66,"column":4},"end":{"line":78,"column":null}},{"start":{},"end":{}}],"line":66},"1":{"loc":{"start":{"line":86,"column":4},"end":{"line":98,"column":null}},"type":"if","locations":[{"start":{"line":86,"column":4},"end":{"line":98,"column":null}},{"start":{},"end":{}}],"line":86},"2":{"loc":{"start":{"line":113,"column":2},"end":{"line":122,"column":null}},"type":"if","locations":[{"start":{"line":113,"column":2},"end":{"line":122,"column":null}},{"start":{},"end":{}}],"line":113},"3":{"loc":{"start":{"line":117,"column":6},"end":{"line":119,"column":null}},"type":"if","locations":[{"start":{"line":117,"column":6},"end":{"line":119,"column":null}},{"start":{},"end":{}}],"line":117},"4":{"loc":{"start":{"line":124,"column":2},"end":{"line":132,"column":null}},"type":"if","locations":[{"start":{"line":124,"column":2},"end":{"line":132,"column":null}},{"start":{},"end":{}}],"line":124},"5":{"loc":{"start":{"line":128,"column":6},"end":{"line":130,"column":null}},"type":"if","locations":[{"start":{"line":128,"column":6},"end":{"line":130,"column":null}},{"start":{},"end":{}}],"line":128},"6":{"loc":{"start":{"line":153,"column":2},"end":{"line":153,"column":null}},"type":"binary-expr","locations":[{"start":{"line":153,"column":2},"end":{"line":153,"column":25}},{"start":{"line":153,"column":25},"end":{"line":153,"column":null}}],"line":153},"7":{"loc":{"start":{"line":157,"column":2},"end":{"line":157,"column":null}},"type":"cond-expr","locations":[{"start":{"line":157,"column":31},"end":{"line":157,"column":87}},{"start":{"line":157,"column":87},"end":{"line":157,"column":null}}],"line":157},"8":{"loc":{"start":{"line":163,"column":19},"end":{"line":163,"column":85}},"type":"binary-expr","locations":[{"start":{"line":163,"column":19},"end":{"line":163,"column":60}},{"start":{"line":163,"column":60},"end":{"line":163,"column":85}}],"line":163},"9":{"loc":{"start":{"line":164,"column":16},"end":{"line":164,"column":null}},"type":"binary-expr","locations":[{"start":{"line":164,"column":16},"end":{"line":164,"column":59}},{"start":{"line":164,"column":59},"end":{"line":164,"column":null}}],"line":164},"10":{"loc":{"start":{"line":166,"column":2},"end":{"line":168,"column":null}},"type":"if","locations":[{"start":{"line":166,"column":2},"end":{"line":168,"column":null}},{"start":{},"end":{}}],"line":166},"11":{"loc":{"start":{"line":181,"column":2},"end":{"line":183,"column":null}},"type":"if","locations":[{"start":{"line":181,"column":2},"end":{"line":183,"column":null}},{"start":{},"end":{}}],"line":181},"12":{"loc":{"start":{"line":188,"column":2},"end":{"line":190,"column":null}},"type":"if","locations":[{"start":{"line":188,"column":2},"end":{"line":190,"column":null}},{"start":{},"end":{}}],"line":188},"13":{"loc":{"start":{"line":213,"column":6},"end":{"line":231,"column":null}},"type":"if","locations":[{"start":{"line":213,"column":6},"end":{"line":231,"column":null}},{"start":{},"end":{}}],"line":213},"14":{"loc":{"start":{"line":218,"column":27},"end":{"line":218,"column":null}},"type":"cond-expr","locations":[{"start":{"line":218,"column":62},"end":{"line":218,"column":80}},{"start":{"line":218,"column":80},"end":{"line":218,"column":null}}],"line":218},"15":{"loc":{"start":{"line":227,"column":8},"end":{"line":229,"column":null}},"type":"if","locations":[{"start":{"line":227,"column":8},"end":{"line":229,"column":null}},{"start":{},"end":{}}],"line":227},"16":{"loc":{"start":{"line":240,"column":25},"end":{"line":240,"column":null}},"type":"cond-expr","locations":[{"start":{"line":240,"column":60},"end":{"line":240,"column":78}},{"start":{"line":240,"column":78},"end":{"line":240,"column":null}}],"line":240},"17":{"loc":{"start":{"line":253,"column":22},"end":{"line":253,"column":null}},"type":"cond-expr","locations":[{"start":{"line":253,"column":45},"end":{"line":253,"column":59}},{"start":{"line":253,"column":59},"end":{"line":253,"column":null}}],"line":253}},"s":{"0":1,"1":1,"2":13,"3":13,"4":13,"5":13,"6":13,"7":416,"8":12,"9":14,"10":14,"11":0,"12":14,"13":1,"14":14,"15":14,"16":14,"17":12,"18":12,"19":12,"20":12,"21":12,"22":12,"23":12,"24":1,"25":1,"26":12,"27":14,"28":1,"29":1,"30":1,"31":1,"32":1,"33":1,"34":0,"35":0,"36":1,"37":14,"38":12,"39":13,"40":12,"41":13,"42":12,"43":12,"44":12,"45":12,"46":12,"47":12,"48":1,"49":12,"50":12,"51":1,"52":1,"53":1,"54":1,"55":0,"56":12,"57":13,"58":12,"59":12,"60":12,"61":12,"62":1,"63":11,"64":10,"65":1,"66":9,"67":9,"68":12,"69":1,"70":8,"71":12,"72":15,"73":12,"74":12,"75":12,"76":12,"77":14,"78":14,"79":14,"80":14,"81":14,"82":14,"83":14,"84":2,"85":2,"86":2,"87":0,"88":0,"89":0,"90":2,"91":0,"92":2,"93":12,"94":12,"95":8,"96":8,"97":8,"98":9,"99":9,"100":9,"101":8,"102":8,"103":4,"104":4},"f":{"0":13,"1":416,"2":12,"3":14,"4":0,"5":1,"6":1,"7":1,"8":0,"9":0,"10":12,"11":13,"12":13,"13":13,"14":12,"15":12,"16":15,"17":0,"18":9},"b":{"0":[12,0],"1":[1,0],"2":[12,0],"3":[1,11],"4":[1,11],"5":[0,1],"6":[12,11],"7":[1,11],"8":[12,0],"9":[12,1],"10":[1,11],"11":[1,9],"12":[1,11],"13":[2,12],"14":[0,0],"15":[0,2],"16":[8,1],"17":[4,0]},"meta":{"lastBranch":18,"lastFunction":19,"lastStatement":105,"seen":{"s:16:24:16:Infinity":0,"s:17:26:17:Infinity":1,"f:27:15:27:27":0,"s:28:18:28:Infinity":2,"s:29:15:29:Infinity":3,"s:30:21:30:Infinity":4,"s:31:20:31:Infinity":5,"s:32:2:32:Infinity":6,"f:32:19:32:23":1,"s:32:28:32:59":7,"f:35:9:35:24":2,"s:36:2:36:Infinity":8,"f:46:15:46:Infinity":3,"s:53:8:53:Infinity":9,"s:54:18:54:Infinity":10,"f:54:36:54:40":4,"s:54:45:54:70":11,"s:55:21:55:Infinity":12,"f:55:38:55:42":5,"s:55:47:55:61":13,"s:57:32:57:Infinity":14,"s:58:20:58:Infinity":15,"s:60:2:79:Infinity":16,"s:61:20:61:Infinity":17,"s:62:17:62:Infinity":18,"s:63:4:63:Infinity":19,"s:65:25:65:Infinity":20,"b:66:4:78:Infinity:undefined:undefined:undefined:undefined":0,"s:66:4:78:Infinity":21,"s:67:12:67:Infinity":22,"s:68:27:70:Infinity":23,"f:69:9:69:13":6,"s:69:19:69:37":24,"f:70:9:70:17":7,"s:70:36:70:39":25,"s:72:6:77:Infinity":26,"s:81:2:99:Infinity":27,"s:82:17:82:Infinity":28,"s:83:4:83:Infinity":29,"s:85:25:85:Infinity":30,"b:86:4:98:Infinity:undefined:undefined:undefined:undefined":1,"s:86:4:98:Infinity":31,"s:87:12:87:Infinity":32,"s:88:27:90:Infinity":33,"f:89:9:89:13":8,"s:89:19:89:37":34,"f:90:9:90:17":9,"s:90:36:90:39":35,"s:92:6:97:Infinity":36,"s:101:2:101:Infinity":37,"f:104:9:104:Infinity":10,"s:108:20:108:Infinity":38,"f:108:34:108:41":11,"s:108:46:108:63":39,"s:109:20:109:Infinity":40,"f:109:34:109:41":12,"s:109:46:109:63":41,"s:111:18:111:Infinity":42,"b:113:2:122:Infinity:undefined:undefined:undefined:undefined":2,"s:113:2:122:Infinity":43,"s:114:4:114:Infinity":44,"s:115:4:121:Infinity":45,"s:116:6:116:Infinity":46,"b:117:6:119:Infinity:undefined:undefined:undefined:undefined":3,"s:117:6:119:Infinity":47,"s:118:8:118:Infinity":48,"s:120:6:120:Infinity":49,"b:124:2:132:Infinity:undefined:undefined:undefined:undefined":4,"s:124:2:132:Infinity":50,"s:125:4:125:Infinity":51,"s:126:4:131:Infinity":52,"s:127:6:127:Infinity":53,"b:128:6:130:Infinity:undefined:undefined:undefined:undefined":5,"s:128:6:130:Infinity":54,"s:129:8:129:Infinity":55,"s:134:26:136:Infinity":56,"f:135:29:135:37":13,"s:135:42:135:56":57,"s:138:2:157:Infinity":58,"b:153:2:153:25:153:25:153:Infinity":6,"b:157:31:157:87:157:87:157:Infinity":7,"f:162:15:162:23":14,"s:163:8:163:Infinity":59,"b:163:19:163:60:163:60:163:85":8,"s:164:16:164:Infinity":60,"b:164:16:164:59:164:59:164:Infinity":9,"b:166:2:168:Infinity:undefined:undefined:undefined:undefined":10,"s:166:2:168:Infinity":61,"s:167:4:167:Infinity":62,"s:170:19:179:Infinity":63,"b:181:2:183:Infinity:undefined:undefined:undefined:undefined":11,"s:181:2:183:Infinity":64,"s:182:4:182:Infinity":65,"s:185:15:185:Infinity":66,"s:186:18:186:Infinity":67,"b:188:2:190:Infinity:undefined:undefined:undefined:undefined":12,"s:188:2:190:Infinity":68,"s:189:4:189:Infinity":69,"s:192:2:192:Infinity":70,"f:195:22:195:Infinity":15,"s:199:8:199:Infinity":71,"f:199:44:199:51":16,"s:199:56:199:77":72,"s:200:8:200:Infinity":73,"s:201:16:201:Infinity":74,"s:203:2:256:Infinity":75,"s:203:15:203:18":76,"s:204:20:204:Infinity":77,"s:206:4:206:Infinity":78,"s:208:4:255:Infinity":79,"s:209:12:209:Infinity":80,"s:210:12:210:Infinity":81,"s:211:35:211:Infinity":82,"b:213:6:231:Infinity:undefined:undefined:undefined:undefined":13,"s:213:6:231:Infinity":83,"s:214:8:214:Infinity":84,"s:216:46:216:Infinity":85,"s:217:8:226:Infinity":86,"s:218:27:218:Infinity":87,"b:218:62:218:80:218:80:218:Infinity":14,"f:218:33:218:38":17,"s:218:43:218:58":88,"s:219:10:225:Infinity":89,"b:227:8:229:Infinity:undefined:undefined:undefined:undefined":15,"s:227:8:229:Infinity":90,"s:228:10:228:Infinity":91,"s:230:8:230:Infinity":92,"s:233:21:233:Infinity":93,"s:234:33:234:Infinity":94,"s:236:6:236:Infinity":95,"s:238:44:238:Infinity":96,"s:239:6:248:Infinity":97,"s:240:25:240:Infinity":98,"b:240:60:240:78:240:78:240:Infinity":16,"f:240:31:240:36":18,"s:240:41:240:56":99,"s:241:8:247:Infinity":100,"s:249:6:249:Infinity":101,"s:251:6:251:Infinity":102,"s:253:22:253:Infinity":103,"b:253:45:253:59:253:59:253:Infinity":17,"s:254:6:254:Infinity":104}}}
}
